<?xml version="1.0" encoding="UTF-8"?>
<coverage generated="1782265830983" clover="3.2.0">
  <project timestamp="1782265830983" name="All files">
    <metrics statements="59" coveredstatements="59" conditionals="5" coveredconditionals="5" methods="11" coveredmethods="11" elements="75" coveredelements="75" complexity="0" loc="59" ncloc="59" packages="4" files="6" classes="6"/>
    <package name="src">
      <metrics statements="9" coveredstatements="9" conditionals="0" coveredconditionals="0" methods="4" coveredmethods="4"/>
      <file name="routes.ts" path="/Users/victorhugodarochamarchi/Desktop/vibester/apps/services/auth-service/src/routes.ts">
        <metrics statements="9" coveredstatements="9" conditionals="0" coveredconditionals="0" methods="4" coveredmethods="4"/>
        <line num="3" count="3" type="stmt"/>
        <line num="4" count="3" type="stmt"/>
        <line num="6" count="3" type="stmt"/>
        <line num="8" count="3" type="stmt"/>
        <line num="21" count="1" type="stmt"/>
        <line num="24" count="3" type="stmt"/>
        <line num="59" count="1" type="stmt"/>
        <line num="63" count="3" type="stmt"/>
        <line num="97" count="2" type="stmt"/>
      </file>
    </package>
    <package name="src.controllers">
      <metrics statements="18" coveredstatements="18" conditionals="3" coveredconditionals="3" methods="5" coveredmethods="5"/>
      <file name="login.controller.ts" path="/Users/victorhugodarochamarchi/Desktop/vibester/apps/services/auth-service/src/controllers/login.controller.ts">
        <metrics statements="12" coveredstatements="12" conditionals="3" coveredconditionals="3" methods="3" coveredmethods="3"/>
        <line num="3" count="4" type="stmt"/>
        <line num="4" count="4" type="stmt"/>
        <line num="6" count="4" type="stmt"/>
        <line num="7" count="4" type="stmt"/>
        <line num="14" count="4" type="stmt"/>
        <line num="18" count="4" type="cond" truecount="2" falsecount="0"/>
        <line num="22" count="4" type="stmt"/>
        <line num="24" count="4" type="cond" truecount="1" falsecount="0"/>
        <line num="25" count="1" type="stmt"/>
        <line num="28" count="3" type="stmt"/>
        <line num="30" count="3" type="stmt"/>
        <line num="36" count="2" type="stmt"/>
      </file>
      <file name="register.controller.ts" path="/Users/victorhugodarochamarchi/Desktop/vibester/apps/services/auth-service/src/controllers/register.controller.ts">
        <metrics statements="6" coveredstatements="6" conditionals="0" coveredconditionals="0" methods="2" coveredmethods="2"/>
        <line num="2" count="4" type="stmt"/>
        <line num="5" count="4" type="stmt"/>
        <line num="6" count="2" type="stmt"/>
        <line num="12" count="2" type="stmt"/>
        <line num="14" count="2" type="stmt"/>
        <line num="22" count="2" type="stmt"/>
      </file>
    </package>
    <package name="src.prisma">
      <metrics statements="7" coveredstatements="7" conditionals="0" coveredconditionals="0" methods="0" coveredmethods="0"/>
      <file name="index.ts" path="/Users/victorhugodarochamarchi/Desktop/vibester/apps/services/auth-service/src/prisma/index.ts">
        <metrics statements="7" coveredstatements="7" conditionals="0" coveredconditionals="0" methods="0" coveredmethods="0"/>
        <line num="1" count="3" type="stmt"/>
        <line num="2" count="3" type="stmt"/>
        <line num="3" count="3" type="stmt"/>
        <line num="5" count="3" type="stmt"/>
        <line num="7" count="3" type="stmt"/>
        <line num="8" count="3" type="stmt"/>
        <line num="10" count="3" type="stmt"/>
      </file>
    </package>
    <package name="src.services">
      <metrics statements="25" coveredstatements="25" conditionals="2" coveredconditionals="2" methods="2" coveredmethods="2"/>
      <file name="login.service.ts" path="/Users/victorhugodarochamarchi/Desktop/vibester/apps/services/auth-service/src/services/login.service.ts">
        <metrics statements="14" coveredstatements="14" conditionals="2" coveredconditionals="2" methods="1" coveredmethods="1"/>
        <line num="1" count="5" type="stmt"/>
        <line num="3" count="5" type="stmt"/>
        <line num="4" count="5" type="stmt"/>
        <line num="5" count="5" type="stmt"/>
        <line num="8" count="5" type="stmt"/>
        <line num="10" count="5" type="stmt"/>
        <line num="12" count="5" type="stmt"/>
        <line num="21" count="5" type="cond" truecount="1" falsecount="0"/>
        <line num="22" count="1" type="stmt"/>
        <line num="25" count="4" type="stmt"/>
        <line num="27" count="4" type="cond" truecount="1" falsecount="0"/>
        <line num="28" count="2" type="stmt"/>
        <line num="31" count="2" type="stmt"/>
        <line num="37" count="2" type="stmt"/>
      </file>
      <file name="register.service.ts" path="/Users/victorhugodarochamarchi/Desktop/vibester/apps/services/auth-service/src/services/register.service.ts">
        <metrics statements="11" coveredstatements="11" conditionals="0" coveredconditionals="0" methods="1" coveredmethods="1"/>
        <line num="1" count="5" type="stmt"/>
        <line num="3" count="5" type="stmt"/>
        <line num="4" count="5" type="stmt"/>
        <line num="6" count="5" type="stmt"/>
        <line num="8" count="3" type="stmt"/>
        <line num="10" count="3" type="stmt"/>
        <line num="12" count="3" type="stmt"/>
        <line num="21" count="3" type="stmt"/>
        <line num="22" count="3" type="stmt"/>
        <line num="32" count="3" type="stmt"/>
        <line num="35" count="3" type="stmt"/>
      </file>
    </package>
  </project>
</coverage>
