{"/Users/victorhugodarochamarchi/Desktop/vibester/apps/services/auth-service/src/routes.ts": {"path":"/Users/victorhugodarochamarchi/Desktop/vibester/apps/services/auth-service/src/routes.ts","statementMap":{"0":{"start":{"line":6,"column":0},"end":{"line":6,"column":7}},"1":{"start":{"line":3,"column":0},"end":{"line":3,"column":71}},"2":{"start":{"line":4,"column":0},"end":{"line":4,"column":65}},"3":{"start":{"line":8,"column":4},"end":{"line":22,"column":7}},"4":{"start":{"line":21,"column":8},"end":{"line":21,"column":56}},"5":{"start":{"line":24,"column":4},"end":{"line":61,"column":6}},"6":{"start":{"line":59,"column":12},"end":{"line":59,"column":69}},"7":{"start":{"line":63,"column":4},"end":{"line":99,"column":6}},"8":{"start":{"line":97,"column":12},"end":{"line":97,"column":63}}},"fnMap":{"0":{"name":"authRoutes","decl":{"start":{"line":6,"column":22},"end":{"line":6,"column":32}},"loc":{"start":{"line":6,"column":89},"end":{"line":100,"column":1}}},"1":{"name":"(anonymous_1)","decl":{"start":{"line":20,"column":7},"end":{"line":20,"column":12}},"loc":{"start":{"line":20,"column":63},"end":{"line":22,"column":5}}},"2":{"name":"(anonymous_2)","decl":{"start":{"line":56,"column":7},"end":{"line":56,"column":12}},"loc":{"start":{"line":58,"column":31},"end":{"line":60,"column":9}}},"3":{"name":"(anonymous_3)","decl":{"start":{"line":94,"column":7},"end":{"line":94,"column":12}},"loc":{"start":{"line":96,"column":31},"end":{"line":98,"column":9}}}},"branchMap":{},"s":{"0":3,"1":3,"2":3,"3":3,"4":1,"5":3,"6":1,"7":3,"8":2},"f":{"0":3,"1":1,"2":1,"3":2},"b":{}}
,"/Users/victorhugodarochamarchi/Desktop/vibester/apps/services/auth-service/src/controllers/login.controller.ts": {"path":"/Users/victorhugodarochamarchi/Desktop/vibester/apps/services/auth-service/src/controllers/login.controller.ts","statementMap":{"0":{"start":{"line":3,"column":0},"end":{"line":3,"column":57}},"1":{"start":{"line":4,"column":0},"end":{"line":4,"column":20}},"2":{"start":{"line":7,"column":21},"end":{"line":7,"column":55}},"3":{"start":{"line":14,"column":23},"end":{"line":20,"column":10}},"4":{"start":{"line":18,"column":28},"end":{"line":18,"column":55}},"5":{"start":{"line":22,"column":28},"end":{"line":22,"column":58}},"6":{"start":{"line":24,"column":8},"end":{"line":26,"column":9}},"7":{"start":{"line":25,"column":12},"end":{"line":25,"column":80}},"8":{"start":{"line":28,"column":46},"end":{"line":28,"column":62}},"9":{"start":{"line":30,"column":24},"end":{"line":34,"column":10}},"10":{"start":{"line":36,"column":8},"end":{"line":36,"column":47}},"11":{"start":{"line":6,"column":0},"end":{"line":6,"column":13}}},"fnMap":{"0":{"name":"(anonymous_1)","decl":{"start":{"line":6,"column":0},"end":{"line":6,"column":13}},"loc":{"start":{"line":6,"column":0},"end":{"line":38,"column":1}}},"1":{"name":"(anonymous_2)","decl":{"start":{"line":9,"column":4},"end":{"line":9,"column":9}},"loc":{"start":{"line":11,"column":27},"end":{"line":37,"column":5}}},"2":{"name":"(anonymous_3)","decl":{"start":{"line":18,"column":18},"end":{"line":18,"column":19}},"loc":{"start":{"line":18,"column":28},"end":{"line":18,"column":55}}}},"branchMap":{"0":{"loc":{"start":{"line":18,"column":28},"end":{"line":18,"column":55}},"type":"binary-expr","locations":[{"start":{"line":18,"column":28},"end":{"line":18,"column":38}},{"start":{"line":18,"column":42},"end":{"line":18,"column":55}}]},"1":{"loc":{"start":{"line":24,"column":8},"end":{"line":26,"column":9}},"type":"if","locations":[{"start":{"line":24,"column":8},"end":{"line":26,"column":9}}]}},"s":{"0":4,"1":4,"2":4,"3":4,"4":4,"5":4,"6":4,"7":1,"8":3,"9":3,"10":2,"11":4},"f":{"0":4,"1":4,"2":4},"b":{"0":[4,1],"1":[1]}}
,"/Users/victorhugodarochamarchi/Desktop/vibester/apps/services/auth-service/src/controllers/register.controller.ts": {"path":"/Users/victorhugodarochamarchi/Desktop/vibester/apps/services/auth-service/src/controllers/register.controller.ts","statementMap":{"0":{"start":{"line":2,"column":0},"end":{"line":2,"column":63}},"1":{"start":{"line":6,"column":21},"end":{"line":6,"column":61}},"2":{"start":{"line":12,"column":60},"end":{"line":12,"column":72}},"3":{"start":{"line":14,"column":24},"end":{"line":20,"column":10}},"4":{"start":{"line":22,"column":8},"end":{"line":22,"column":47}},"5":{"start":{"line":5,"column":0},"end":{"line":5,"column":13}}},"fnMap":{"0":{"name":"(anonymous_0)","decl":{"start":{"line":5,"column":0},"end":{"line":5,"column":13}},"loc":{"start":{"line":5,"column":0},"end":{"line":24,"column":1}}},"1":{"name":"(anonymous_1)","decl":{"start":{"line":8,"column":4},"end":{"line":8,"column":9}},"loc":{"start":{"line":10,"column":27},"end":{"line":23,"column":5}}}},"branchMap":{},"s":{"0":4,"1":2,"2":2,"3":2,"4":2,"5":4},"f":{"0":2,"1":2},"b":{}}
,"/Users/victorhugodarochamarchi/Desktop/vibester/apps/services/auth-service/src/prisma/index.ts": {"path":"/Users/victorhugodarochamarchi/Desktop/vibester/apps/services/auth-service/src/prisma/index.ts","statementMap":{"0":{"start":{"line":1,"column":0},"end":{"line":1,"column":23}},"1":{"start":{"line":2,"column":0},"end":{"line":2,"column":46}},"2":{"start":{"line":3,"column":0},"end":{"line":3,"column":46}},"3":{"start":{"line":5,"column":25},"end":{"line":5,"column":49}},"4":{"start":{"line":7,"column":16},"end":{"line":7,"column":50}},"5":{"start":{"line":8,"column":21},"end":{"line":8,"column":50}},"6":{"start":{"line":10,"column":0},"end":{"line":10,"column":28}}},"fnMap":{},"branchMap":{},"s":{"0":3,"1":3,"2":3,"3":3,"4":3,"5":3,"6":3},"f":{},"b":{}}
,"/Users/victorhugodarochamarchi/Desktop/vibester/apps/services/auth-service/src/services/login.service.ts": {"path":"/Users/victorhugodarochamarchi/Desktop/vibester/apps/services/auth-service/src/services/login.service.ts","statementMap":{"0":{"start":{"line":1,"column":0},"end":{"line":1,"column":37}},"1":{"start":{"line":3,"column":0},"end":{"line":3,"column":30}},"2":{"start":{"line":4,"column":0},"end":{"line":4,"column":31}},"3":{"start":{"line":5,"column":0},"end":{"line":5,"column":36}},"4":{"start":{"line":10,"column":8},"end":{"line":10,"column":51}},"5":{"start":{"line":12,"column":21},"end":{"line":19,"column":10}},"6":{"start":{"line":21,"column":8},"end":{"line":23,"column":9}},"7":{"start":{"line":22,"column":12},"end":{"line":22,"column":58}},"8":{"start":{"line":25,"column":30},"end":{"line":25,"column":85}},"9":{"start":{"line":27,"column":8},"end":{"line":29,"column":9}},"10":{"start":{"line":28,"column":12},"end":{"line":28,"column":58}},"11":{"start":{"line":31,"column":22},"end":{"line":34,"column":null}},"12":{"start":{"line":37,"column":8},"end":{"line":41,"column":10}},"13":{"start":{"line":8,"column":0},"end":{"line":8,"column":13}}},"fnMap":{"0":{"name":"(anonymous_1)","decl":{"start":{"line":9,"column":4},"end":{"line":9,"column":9}},"loc":{"start":{"line":9,"column":42},"end":{"line":42,"column":5}}}},"branchMap":{"0":{"loc":{"start":{"line":21,"column":8},"end":{"line":23,"column":9}},"type":"if","locations":[{"start":{"line":21,"column":8},"end":{"line":23,"column":9}}]},"1":{"loc":{"start":{"line":27,"column":8},"end":{"line":29,"column":9}},"type":"if","locations":[{"start":{"line":27,"column":8},"end":{"line":29,"column":9}}]}},"s":{"0":5,"1":5,"2":5,"3":5,"4":5,"5":5,"6":5,"7":1,"8":4,"9":4,"10":2,"11":2,"12":2,"13":5},"f":{"0":5},"b":{"0":[1],"1":[2]}}
,"/Users/victorhugodarochamarchi/Desktop/vibester/apps/services/auth-service/src/services/register.service.ts": {"path":"/Users/victorhugodarochamarchi/Desktop/vibester/apps/services/auth-service/src/services/register.service.ts","statementMap":{"0":{"start":{"line":1,"column":0},"end":{"line":1,"column":43}},"1":{"start":{"line":3,"column":0},"end":{"line":3,"column":32}},"2":{"start":{"line":4,"column":0},"end":{"line":4,"column":41}},"3":{"start":{"line":8,"column":8},"end":{"line":8,"column":51}},"4":{"start":{"line":10,"column":29},"end":{"line":10,"column":59}},"5":{"start":{"line":12,"column":24},"end":{"line":19,"column":10}},"6":{"start":{"line":21,"column":8},"end":{"line":33,"column":9}},"7":{"start":{"line":22,"column":12},"end":{"line":30,"column":15}},"8":{"start":{"line":32,"column":12},"end":{"line":32,"column":75}},"9":{"start":{"line":35,"column":8},"end":{"line":44,"column":10}},"10":{"start":{"line":6,"column":0},"end":{"line":6,"column":13}}},"fnMap":{"0":{"name":"(anonymous_1)","decl":{"start":{"line":7,"column":4},"end":{"line":7,"column":9}},"loc":{"start":{"line":7,"column":48},"end":{"line":45,"column":5}}}},"branchMap":{},"s":{"0":5,"1":5,"2":5,"3":3,"4":3,"5":3,"6":3,"7":3,"8":3,"9":3,"10":5},"f":{"0":3},"b":{}}
}
