TN:
SF:src/routes.ts
FN:6,authRoutes
FN:20,(anonymous_1)
FN:56,(anonymous_2)
FN:94,(anonymous_3)
FNF:4
FNH:4
FNDA:3,authRoutes
FNDA:1,(anonymous_1)
FNDA:1,(anonymous_2)
FNDA:2,(anonymous_3)
DA:3,3
DA:4,3
DA:6,3
DA:8,3
DA:21,1
DA:24,3
DA:59,1
DA:63,3
DA:97,2
LF:9
LH:9
BRF:0
BRH:0
end_of_record
TN:
SF:src/controllers/login.controller.ts
FN:6,(anonymous_1)
FN:9,(anonymous_2)
FN:18,(anonymous_3)
FNF:3
FNH:3
FNDA:4,(anonymous_1)
FNDA:4,(anonymous_2)
FNDA:4,(anonymous_3)
DA:3,4
DA:4,4
DA:6,4
DA:7,4
DA:14,4
DA:18,4
DA:22,4
DA:24,4
DA:25,1
DA:28,3
DA:30,3
DA:36,2
LF:12
LH:12
BRDA:18,0,0,4
BRDA:18,0,1,1
BRDA:24,1,0,1
BRF:3
BRH:3
end_of_record
TN:
SF:src/controllers/register.controller.ts
FN:5,(anonymous_0)
FN:8,(anonymous_1)
FNF:2
FNH:2
FNDA:2,(anonymous_0)
FNDA:2,(anonymous_1)
DA:2,4
DA:5,4
DA:6,2
DA:12,2
DA:14,2
DA:22,2
LF:6
LH:6
BRF:0
BRH:0
end_of_record
TN:
SF:src/prisma/index.ts
FNF:0
FNH:0
DA:1,3
DA:2,3
DA:3,3
DA:5,3
DA:7,3
DA:8,3
DA:10,3
LF:7
LH:7
BRF:0
BRH:0
end_of_record
TN:
SF:src/services/login.service.ts
FN:9,(anonymous_1)
FNF:1
FNH:1
FNDA:5,(anonymous_1)
DA:1,5
DA:3,5
DA:4,5
DA:5,5
DA:8,5
DA:10,5
DA:12,5
DA:21,5
DA:22,1
DA:25,4
DA:27,4
DA:28,2
DA:31,2
DA:37,2
LF:14
LH:14
BRDA:21,0,0,1
BRDA:27,1,0,2
BRF:2
BRH:2
end_of_record
TN:
SF:src/services/register.service.ts
FN:7,(anonymous_1)
FNF:1
FNH:1
FNDA:3,(anonymous_1)
DA:1,5
DA:3,5
DA:4,5
DA:6,5
DA:8,3
DA:10,3
DA:12,3
DA:21,3
DA:22,3
DA:32,3
DA:35,3
LF:11
LH:11
BRF:0
BRH:0
end_of_record
